<?xml version="1.0" encoding="UTF-8"?>
<!-- Generated by org.testng.reporters.JUnitReportReporter -->
<testsuite skipped="2" hostname="DESKTOP-JRSKT25" name="com.qa.TestCases.HomePageTest" tests="3" failures="0" timestamp="14 Dec 2019 15:52:16 GMT" time="38.242" errors="0">
  <testcase name="signInTest" time="38.242" classname="com.qa.TestCases.HomePageTest"/>
  <testcase name="titleTest" classname="com.qa.TestCases.HomePageTest">
    <skipped/>
  </testcase> <!-- titleTest -->
  <testcase name="logoTest" classname="com.qa.TestCases.HomePageTest">
    <skipped/>
  </testcase> <!-- logoTest -->
</testsuite> <!-- com.qa.TestCases.HomePageTest -->
