<?xml version="1.0" encoding="UTF-8"?>
<!-- Generated by org.testng.reporters.JUnitReportReporter -->
<testsuite skipped="0" hostname="DESKTOP-JRSKT25" name="com.qa.TestCases.ShoppingPageTest" tests="1" failures="0" timestamp="15 Dec 2019 08:27:32 GMT" time="61.967" errors="0">
  <testcase name="naviTshirtTest" time="61.967" classname="com.qa.TestCases.ShoppingPageTest"/>
</testsuite> <!-- com.qa.TestCases.ShoppingPageTest -->
