<?xml version="1.0" encoding="UTF-8"?>
<!-- Generated by org.testng.reporters.JUnitReportReporter -->
<testsuite skipped="0" hostname="DESKTOP-JRSKT25" name="com.qa.TestCases.LoginPageTest" tests="1" failures="0" timestamp="15 Dec 2019 11:34:32 GMT" time="28.324" errors="0">
  <testcase name="loginTest" time="28.324" classname="com.qa.TestCases.LoginPageTest"/>
</testsuite> <!-- com.qa.TestCases.LoginPageTest -->
