<?xml version="1.0" encoding="UTF-8"?>
<!-- Generated by org.testng.reporters.JUnitReportReporter -->
<testsuite skipped="0" hostname="DESKTOP-JRSKT25" name="com.qa.TestCases.LoginPageTest" tests="1" failures="0" timestamp="15 Dec 2019 07:37:17 GMT" time="37.221" errors="0">
  <testcase name="loginTest" time="37.221" classname="com.qa.TestCases.LoginPageTest"/>
</testsuite> <!-- com.qa.TestCases.LoginPageTest -->
