<?xml version="1.0" encoding="UTF-8"?>
<!-- Generated by org.testng.reporters.JUnitReportReporter -->
<testsuite skipped="2" hostname="DESKTOP-JRSKT25" name="com.qa.TestCases.HomePageTest" tests="3" failures="0" timestamp="15 Dec 2019 11:34:32 GMT" time="37.389" errors="0">
  <testcase name="signInTest" time="37.389" classname="com.qa.TestCases.HomePageTest"/>
  <testcase name="titleTest" classname="com.qa.TestCases.HomePageTest">
    <skipped/>
  </testcase> <!-- titleTest -->
  <testcase name="logoTest" classname="com.qa.TestCases.HomePageTest">
    <skipped/>
  </testcase> <!-- logoTest -->
</testsuite> <!-- com.qa.TestCases.HomePageTest -->
